{"logTime": "0416/050530", "correlationVector":"Fa9f0ooCwtDg+iWaqBC2Ob.0","action":"FeedSettingFetch_homeCloud", "result":"0", "context":{}}
{"logTime": "0416/050530", "correlationVector":"ewHYutIfylnQLuJMxAlcWH.1","action":"SyncServerConnectionManagerRequest", "result":"SYNC_SERVER_OK", "context":{"environment":"48F630A6-CB1B-4CC7-86AF-0F6627234B58|106", "server":"SG2PEPF00000C8D"}}
{"logTime": "0416/050534", "correlationVector":"8O8XwJHOq9H9jtJSpQbbMX.1","action":"SyncServerConnectionManagerRequest", "result":"SYNC_SERVER_OK", "context":{"environment":"48F630A6-CB1B-4CC7-86AF-0F6627234B58|106", "server":"SG2PEPF00000C8D"}}
{"logTime": "0416/050534", "correlationVector":"ewHYutIfylnQLuJMxAlcWH","action":"Initial GetUpdates", "result":""}
{"logTime": "0416/050534", "correlationVector":"ewHYutIfylnQLuJMxAlcWH.2","action":"GetUpdates Response", "result":"SERVER_MORE_TO_DOWNLOAD"}
{"logTime": "0416/050534", "correlationVector":"8O8XwJHOq9H9jtJSpQbbMX","action":"Initial GetUpdates", "result":""}
{"logTime": "0416/050534", "correlationVector":"8O8XwJHOq9H9jtJSpQbbMX.2","action":"GetUpdates Response", "result":"SYNCER_OK"}
{"logTime": "0416/050534", "correlationVector":"SQxh9iisMMBHjw3Q7YReda","action":"Initial GetUpdates", "result":""}
{"logTime": "0416/050536", "correlationVector":"SQxh9iisMMBHjw3Q7YReda.1","action":"SyncServerConnectionManagerRequest", "result":"SYNC_SERVER_OK", "context":{"environment":"48F630A6-CB1B-4CC7-86AF-0F6627234B58|106", "server":"SG2PEPF00000C8D"}}
{"logTime": "0416/050536", "correlationVector":"SQxh9iisMMBHjw3Q7YReda.2","action":"GetUpdates Response", "result":"SERVER_MORE_TO_DOWNLOAD"}
{"logTime": "0416/050536", "correlationVector":"AJLb/6l6PVFUYoBXtrrmzo","action":"Initial GetUpdates", "result":""}
{"logTime": "0416/050538", "correlationVector":"AJLb/6l6PVFUYoBXtrrmzo.1","action":"SyncServerConnectionManagerRequest", "result":"SYNC_SERVER_OK", "context":{"environment":"48F630A6-CB1B-4CC7-86AF-0F6627234B58|106", "server":"SG2PEPF00000C8D"}}
{"logTime": "0416/050538", "correlationVector":"AJLb/6l6PVFUYoBXtrrmzo.2","action":"GetUpdates Response", "result":"SERVER_MORE_TO_DOWNLOAD"}
{"logTime": "0416/050538", "correlationVector":"cMRDcO7WclYGnbd2j6xonJ","action":"Initial GetUpdates", "result":""}
{"logTime": "0416/050539", "correlationVector":"cMRDcO7WclYGnbd2j6xonJ.1","action":"SyncServerConnectionManagerRequest", "result":"SYNC_SERVER_OK", "context":{"environment":"48F630A6-CB1B-4CC7-86AF-0F6627234B58|106", "server":"SG2PEPF00000C8D"}}
{"logTime": "0416/050539", "correlationVector":"cMRDcO7WclYGnbd2j6xonJ.2","action":"GetUpdates Response", "result":"SYNCER_OK"}
{"logTime": "0416/050539", "correlationVector":"lIoJIZoZS7xmaqO12gK4b3","action":"Initial GetUpdates", "result":""}
{"logTime": "0416/050542", "correlationVector":"lIoJIZoZS7xmaqO12gK4b3.1","action":"SyncServerConnectionManagerRequest", "result":"SYNC_SERVER_OK", "context":{"environment":"48F630A6-CB1B-4CC7-86AF-0F6627234B58|106", "server":"SG2PEPF00000C8D"}}
{"logTime": "0416/050542", "correlationVector":"lIoJIZoZS7xmaqO12gK4b3.2","action":"GetUpdates Response", "result":"SERVER_MORE_TO_DOWNLOAD"}
{"logTime": "0416/050542", "correlationVector":"xBzrcToWxtQJjREpCsoXWM","action":"Initial GetUpdates", "result":""}
{"logTime": "0416/050543", "correlationVector":"xBzrcToWxtQJjREpCsoXWM.1","action":"SyncServerConnectionManagerRequest", "result":"SYNC_SERVER_OK", "context":{"environment":"48F630A6-CB1B-4CC7-86AF-0F6627234B58|106", "server":"SG2PEPF00000C8D"}}
{"logTime": "0416/050543", "correlationVector":"xBzrcToWxtQJjREpCsoXWM.2","action":"GetUpdates Response", "result":"SYNCER_OK"}
{"logTime": "0416/050543", "correlationVector":"NoM2QEUkOtIRLQfoNTLhXr","action":"Normal GetUpdate request", "result":""}
{"logTime": "0416/050545", "correlationVector":"NoM2QEUkOtIRLQfoNTLhXr.1","action":"SyncServerConnectionManagerRequest", "result":"SYNC_SERVER_OK", "context":{"environment":"48F630A6-CB1B-4CC7-86AF-0F6627234B58|106", "server":"SG2PEPF00000C8D"}}
{"logTime": "0416/050545", "correlationVector":"NoM2QEUkOtIRLQfoNTLhXr.2","action":"GetUpdates Response", "result":"SYNCER_OK"}
{"logTime": "0416/050545", "correlationVector":"Qq45kSF/XbT+pF1ihb54Cw","action":"Commit Request", "result":""}
{"logTime": "0416/050546", "correlationVector":"Qq45kSF/XbT+pF1ihb54Cw.1","action":"SyncServerConnectionManagerRequest", "result":"SYNC_SERVER_OK", "context":{"environment":"48F630A6-CB1B-4CC7-86AF-0F6627234B58|106", "server":"SG2PEPF00000C8D"}}
{"logTime": "0416/050546", "correlationVector":"Qq45kSF/XbT+pF1ihb54Cw.2","action":"Commit Response", "result":"SYNCER_OK"}
{"logTime": "0416/052234", "correlationVector":"2Igbm1xapRb/UWtS36q+dd","action":"SyncServerConnectionManagerRequest", "result":"SYNC_SERVER_ERROR", "context":{"environment":"", "error_type":"http_status_code", "error_value":"400", "server":""}}
{"logTime": "0416/052235", "correlationVector":"TOHjAMJTI9ge0qGTk9cYXf","action":"Normal GetUpdate request", "result":""}
{"logTime": "0416/052235", "correlationVector":"TOHjAMJTI9ge0qGTk9cYXf.1","action":"SyncServerConnectionManagerRequest", "result":"SYNC_SERVER_OK", "context":{"environment":"48F630A6-CB1B-4CC7-86AF-0F6627234B58|106", "server":"SG2PEPF00000C8D"}}
{"logTime": "0416/052235", "correlationVector":"TOHjAMJTI9ge0qGTk9cYXf.2","action":"GetUpdates Response", "result":"SYNCER_OK"}
{"logTime": "0416/052242", "correlationVector":"Yw2U3BXBkPdpkVLyItaFf8","action":"SyncServerConnectionManagerRequest", "result":"SYNC_SERVER_OK", "context":{"environment":"", "server":""}}
{"logTime": "0416/052242", "correlationVector":"oQgcRQmhKXCuUUdTJq+DDV","action":"Normal GetUpdate request", "result":""}
{"logTime": "0416/052242", "correlationVector":"oQgcRQmhKXCuUUdTJq+DDV.1","action":"SyncServerConnectionManagerRequest", "result":"SYNC_SERVER_OK", "context":{"environment":"48F630A6-CB1B-4CC7-86AF-0F6627234B58|106", "server":"SG2PEPF00000C8D"}}
{"logTime": "0416/052242", "correlationVector":"oQgcRQmhKXCuUUdTJq+DDV.2","action":"GetUpdates Response", "result":"SYNCER_OK"}
{"logTime": "0416/052242", "correlationVector":"CxppD1RM5LgBNG+bYPGYBc","action":"Normal GetUpdate request", "result":""}
{"logTime": "0416/052242", "correlationVector":"CxppD1RM5LgBNG+bYPGYBc.1","action":"SyncServerConnectionManagerRequest", "result":"SYNC_SERVER_OK", "context":{"environment":"48F630A6-CB1B-4CC7-86AF-0F6627234B58|106", "server":"SG2PEPF00000C8D"}}
{"logTime": "0416/052242", "correlationVector":"CxppD1RM5LgBNG+bYPGYBc.2","action":"GetUpdates Response", "result":"SYNCER_OK"}
